Error querying database.  Cause: org.apache.ibatis.reflection.ReflectionException: There is no getter for property named 'epNum' in 'class com.aramco.easd.dailyoperations.models.WaterWellTestParam'\n### Cause: org.apache.ibatis.reflection.ReflectionException: There is no getter for property named 'epNum' in 'class com.aramco.easd.dailyoperations.models.WaterWellTestParam

getting above error while deployed to open shift but it is working fine in local here the code for ref

package com.aramco.easd.dailyoperations.models;

import java.util.List;

public class WaterWellTestParam {

    private String epNum;
    private List<WaterWellTestResultModel> result;

    public String getEpNum() {
        return epNum;
    }

    public void setEpNum(String epNum) {
        this.epNum = epNum;
    }

    public List<WaterWellTestResultModel> getResult() {
        return result;
    }

    public void setResult(List<WaterWellTestResultModel> result) {
        this.result = result;
    }
}
package com.aramco.easd.dailyoperations.mappers;


import com.aramco.easd.dailyoperations.models.MorningPresentationModel;
import com.aramco.easd.dailyoperations.models.WaterWellTestParam;
import com.aramco.easd.dailyoperations.models.WaterWellTestResultModel;
import org.apache.ibatis.annotations.Mapper;
import org.apache.ibatis.annotations.Param;

import java.util.List;
import java.util.Map;

@Mapper
public interface WaterWellTestResultMapper {

    List<WaterWellTestResultModel> fetchWaterWelltestresult(@Param("param") WaterWellTestParam param);

}
<?xml version="1.0" encoding="UTF-8" ?>
<!DOCTYPE mapper
        PUBLIC "-//mybatis.org//DTD Mapper 3.0//EN"
        "http://mybatis.org/dtd/mybatis-3-mapper.dtd">
<mapper namespace="com.aramco.easd.dailyoperations.mappers.WaterWellTestResultMapper">
    <resultMap id="waterWellTestResultMap" type="com.aramco.easd.dailyoperations.models.WaterWellTestResultModel">
        <result property="wOpkRemark" column="W_OP_RMK"/>
        <result property="wellName" column="WELL_NAME"/>
        <result property="wActDate" column="W_ACT_DT"/>

    </resultMap>

    <select id="fetchWaterWelltestresult"
            parameterType="map"
            statementType="CALLABLE"
            resultMap="waterWellTestResultMap">

        {call EXAD.EXAD_AGWA_QUERIES_PKG.WATER_WELL_TEST_RESULTS(
                #{param.result,mode=OUT,jdbcType=CURSOR,resultMap=waterWellTestResultMap},
                #{param.epNum,mode=IN,jdbcType=VARCHAR}
              )}
    </select>



</mapper>

<?xml version="1.0" encoding="UTF-8"?>
<project xmlns="http://maven.apache.org/POM/4.0.0" xmlns:xsi="http://www.w3.org/2001/XMLSchema-instance" xsi:schemaLocation="http://maven.apache.org/POM/4.0.0 https://maven.apache.org/xsd/maven-4.0.0.xsd">
    <modelVersion>4.0.0</modelVersion>
    <groupId>com.aramco.easd</groupId>
    <artifactId>dailyoperations</artifactId>
    <version>1.0.0-SNAPSHOT</version>

    <properties>
        <compiler-plugin.version>3.13.0</compiler-plugin.version>
        <maven.compiler.release>21</maven.compiler.release>
        <project.build.sourceEncoding>UTF-8</project.build.sourceEncoding>
        <project.reporting.outputEncoding>UTF-8</project.reporting.outputEncoding>
        <quarkus.platform.artifact-id>quarkus-bom</quarkus.platform.artifact-id>
        <quarkus.platform.group-id>com.redhat.quarkus.platform</quarkus.platform.group-id>
        <quarkus.platform.version>3.8.6.redhat-00005</quarkus.platform.version>
        <quarkus.mybatis.version>2.2.4</quarkus.mybatis.version>
        <skipITs>true</skipITs>
        <surefire-plugin.version>3.5.1</surefire-plugin.version>
        <commons-lang3.version>3.12.0</commons-lang3.version>
        <quarkus-mybatis.version>2.2.4</quarkus-mybatis.version>
        <checkstyle-plugin.version>3.5.0</checkstyle-plugin.version>
    </properties>

    <dependencyManagement>
        <dependencies>
            <dependency>
                <groupId>${quarkus.platform.group-id}</groupId>
                <artifactId>${quarkus.platform.artifact-id}</artifactId>
                <version>${quarkus.platform.version}</version>
                <type>pom</type>
                <scope>import</scope>
            </dependency>
        </dependencies>
    </dependencyManagement>

    <dependencies>
        <dependency>
            <groupId>io.quarkus</groupId>
            <artifactId>quarkus-rest-client-reactive-jackson</artifactId>
        </dependency>
        <dependency>
            <groupId>io.quarkus</groupId>
            <artifactId>quarkus-rest-client-reactive</artifactId>
        </dependency>
        <dependency>
            <groupId>io.quarkus</groupId>
            <artifactId>quarkus-smallrye-jwt</artifactId>
        </dependency>
        <dependency>
            <groupId>io.quarkus</groupId>
            <artifactId>quarkus-hibernate-validator</artifactId>
        </dependency>
        <dependency>
            <groupId>io.quarkus</groupId>
            <artifactId>quarkus-smallrye-openapi</artifactId>
        </dependency>
        <dependency>
            <groupId>io.quarkus</groupId>
            <artifactId>quarkus-resteasy-reactive-jackson</artifactId>
        </dependency>
        <dependency>
            <groupId>io.quarkus</groupId>
            <artifactId>quarkus-csrf-reactive</artifactId>
        </dependency>
        <!-- To address CVE-2024-7254 -->
        <dependency>
            <groupId>com.google.protobuf</groupId>
            <artifactId>protobuf-java</artifactId>
            <version>3.25.5.redhat-00003</version>
        </dependency>
        <dependency>
            <groupId>io.quarkiverse.mybatis</groupId>
            <artifactId>quarkus-mybatis</artifactId>
            <version>${quarkus-mybatis.version}</version>
        </dependency>
        <dependency>
            <groupId>io.quarkus</groupId>
            <artifactId>quarkus-resteasy-reactive</artifactId>
        </dependency>
        <dependency>
            <groupId>io.quarkus</groupId>
            <artifactId>quarkus-jdbc-oracle</artifactId>
        </dependency>
        <dependency>
            <groupId>io.quarkus</groupId>
            <artifactId>quarkus-arc</artifactId>
        </dependency>
        <dependency>
            <groupId>io.quarkus</groupId>
            <artifactId>quarkus-smallrye-health</artifactId>
        </dependency>
        <dependency>
            <groupId>io.quarkus</groupId>
            <artifactId>quarkus-opentelemetry</artifactId>
        </dependency>
<!--        <dependency>-->
<!--            <groupId>io.quarkus</groupId>-->
<!--            <artifactId>quarkus-vertx-http</artifactId>-->
<!--        </dependency>-->
        <dependency>
            <groupId>io.quarkus</groupId>
            <artifactId>quarkus-junit5</artifactId>
            <scope>test</scope>
        </dependency>
        <dependency>
            <groupId>io.quarkus</groupId>
            <artifactId>quarkus-junit5-mockito</artifactId>
            <scope>test</scope>
        </dependency>
        <dependency>
            <groupId>io.rest-assured</groupId>
            <artifactId>rest-assured</artifactId>
            <scope>test</scope>
        </dependency>
        <dependency>
            <groupId>io.quarkus</groupId>
            <artifactId>quarkus-test-security</artifactId>
            <scope>test</scope>
        </dependency>
        <dependency>
            <groupId>org.apache.commons</groupId>
            <artifactId>commons-lang3</artifactId>
            <version>${commons-lang3.version}</version>
        </dependency>
    </dependencies>
    <repositories>
        <repository>
            <releases>
            </releases>
            <snapshots>
                <enabled>false</enabled>
            </snapshots>
            <id>redhat</id>
            <url>https://maven.repository.redhat.com/ga</url>
        </repository>
    </repositories>
    <pluginRepositories>
        <pluginRepository>
            <releases>
            </releases>
            <snapshots>
                <enabled>false</enabled>
            </snapshots>
            <id>redhat</id>
            <url>https://maven.repository.redhat.com/ga</url>
        </pluginRepository>
    </pluginRepositories>

    <build>
        <plugins>
            <plugin>
                <groupId>${quarkus.platform.group-id}</groupId>
                <artifactId>quarkus-maven-plugin</artifactId>
                <version>${quarkus.platform.version}</version>
                <extensions>true</extensions>
                <executions>
                    <execution>
                        <goals>
                            <goal>build</goal>
                            <goal>generate-code</goal>
                            <goal>generate-code-tests</goal>
                        </goals>
                    </execution>
                </executions>
            </plugin>
            <plugin>
                <artifactId>maven-compiler-plugin</artifactId>
                <version>${compiler-plugin.version}</version>
                <configuration>
                    <compilerArgs>
                        <arg>-parameters</arg>
                    </compilerArgs>
                </configuration>
            </plugin>


            <plugin>
                <artifactId>maven-surefire-plugin</artifactId>
                <version>${surefire-plugin.version}</version>
                <configuration>
                    <systemPropertyVariables>
                        <java.util.logging.manager>org.jboss.logmanager.LogManager</java.util.logging.manager>
                        <maven.home>${maven.home}</maven.home>
                    </systemPropertyVariables>
                </configuration>
            </plugin>
            <plugin>
                <artifactId>maven-failsafe-plugin</artifactId>
                <version>${surefire-plugin.version}</version>
                <executions>
                    <execution>
                        <goals>
                            <goal>integration-test</goal>
                            <goal>verify</goal>
                        </goals>
                        <configuration>
                            <systemPropertyVariables>
                                <native.image.path>${project.build.directory}/${project.build.finalName}-runner</native.image.path>
                                <java.util.logging.manager>org.jboss.logmanager.LogManager</java.util.logging.manager>
                                <maven.home>${maven.home}</maven.home>
                            </systemPropertyVariables>
                        </configuration>
                    </execution>
                </executions>
            </plugin>
            <plugin>
                <groupId>org.apache.maven.plugins</groupId>
                <artifactId>maven-checkstyle-plugin</artifactId>
                <version>${checkstyle-plugin.version}</version>
                <configuration>
                    <configLocation>google_checks.xml</configLocation>
                </configuration>
            </plugin>
        </plugins>
    </build>
    <profiles>
        <profile>
            <id>native</id>
            <activation>
                <property>
                    <name>native</name>
                </property>
            </activation>
            <properties>
                <skipITs>false</skipITs>
                <quarkus.package.type>native</quarkus.package.type>
            </properties>
        </profile>
    </profiles>
</project>

using Mybatis




2026-02-08T07:53:46.616469874Z Finished generating 'dailyoperations-1.0.0-runner' in 1m 6s.
2026-02-08T07:53:46.788231439Z [INFO] ------------------------------------------------------------------------
2026-02-08T07:53:46.788231439Z [INFO] BUILD FAILURE
2026-02-08T07:53:46.788231439Z [INFO] ------------------------------------------------------------------------
2026-02-08T07:53:46.789023966Z [INFO] Total time: 01:24 min
2026-02-08T07:53:46.789174890Z [INFO] Finished at: 2026-02-08T07:53:46Z
2026-02-08T07:53:46.789189696Z [INFO] ------------------------------------------------------------------------
2026-02-08T07:53:46.790476411Z [ERROR] Failed to execute goal com.redhat.quarkus.platform:quarkus-maven-plugin:3.20.3.redhat-00006:build (default) on project dailyoperations: Failed to build quarkus application: io.quarkus.builder.BuildException: Build failure: Build failed due to errors
2026-02-08T07:53:46.790490704Z [ERROR] [error]: Build step io.quarkus.deployment.pkg.steps.NativeImageBuildStep#build threw an exception: io.quarkus.deployment.pkg.steps.NativeImageBuildStep$ImageGenerationFailureException: Image generation failed. Exit code: 1
2026-02-08T07:53:46.790499751Z [ERROR] at io.quarkus.deployment.pkg.steps.NativeImageBuildStep.imageGenerationFailed(NativeImageBuildStep.java:496)
2026-02-08T07:53:46.790510761Z [ERROR] at io.quarkus.deployment.pkg.steps.NativeImageBuildStep.build(NativeImageBuildStep.java:287)
2026-02-08T07:53:46.790520302Z [ERROR] at java.base/java.lang.invoke.MethodHandle.invokeWithArguments(MethodHandle.java:733)
2026-02-08T07:53:46.790526462Z [ERROR] at io.quarkus.deployment.ExtensionLoader$3.execute(ExtensionLoader.java:856)
2026-02-08T07:53:46.790536396Z [ERROR] at io.quarkus.builder.BuildContext.run(BuildContext.java:255)
2026-02-08T07:53:46.790544970Z [ERROR] at org.jboss.threads.ContextHandler$1.runWith(ContextHandler.java:18)
2026-02-08T07:53:46.790553342Z [ERROR] at org.jboss.threads.EnhancedQueueExecutor$Task.doRunWith(EnhancedQueueExecutor.java:2675)
2026-02-08T07:53:46.790562452Z [ERROR] at org.jboss.threads.EnhancedQueueExecutor$Task.run(EnhancedQueueExecutor.java:2654)
2026-02-08T07:53:46.790570146Z [ERROR] at org.jboss.threads.EnhancedQueueExecutor.runThreadBody(EnhancedQueueExecutor.java:1627)
2026-02-08T07:53:46.790588612Z [ERROR] at org.jboss.threads.EnhancedQueueExecutor$ThreadBody.run(EnhancedQueueExecutor.java:1594)
2026-02-08T07:53:46.790588612Z [ERROR] at java.base/java.lang.Thread.run(Thread.java:1583)
2026-02-08T07:53:46.790601015Z [ERROR] at org.jboss.threads.JBossThread.run(JBossThread.java:499)
2026-02-08T07:53:46.790612414Z [ERROR] -> [Help 1]
2026-02-08T07:53:46.790623204Z [ERROR]
2026-02-08T07:53:46.790641764Z [ERROR] To see the full stack trace of the errors, re-run Maven with the -e switch.
2026-02-08T07:53:46.790655677Z [ERROR] Re-run Maven using the -X switch to enable full debug logging.
2026-02-08T07:53:46.790664422Z [ERROR]
2026-02-08T07:53:46.790672919Z [ERROR] For more information about the errors and possible solutions, please read the following articles:
2026-02-08T07:53:46.790688930Z [ERROR] [Help 1] http://cwiki.apache.org/confluence/display/MAVEN/MojoExecutionException
